# JRE version: OpenJDK Runtime Environment (8.0_242-b01) (build 1.8.0_242-release-1644-b01)
# Java VM: OpenJDK 64-Bit Server VM (25.242-b01 mixed mode windows-amd64 compressed oops)
Heap:
 PSYoungGen      total 224768K, used 54477K [0x00000000d5580000, 0x00000000e7080000, 0x0000000100000000)
  eden space 188416K, 9% used [0x00000000d5580000,0x00000000d673a5e0,0x00000000e0d80000)
  from space 36352K, 99% used [0x00000000e0d80000,0x00000000e30f9218,0x00000000e3100000)
  to   space 26112K, 0% used [0x00000000e3100000,0x00000000e3100000,0x00000000e4a80000)
 ParOldGen       total 117760K, used 70825K [0x0000000080000000, 0x0000000087300000, 0x00000000d5580000)
  object space 117760K, 60% used [0x0000000080000000,0x000000008452a758,0x0000000087300000)
 Metaspace       used 87498K, capacity 93562K, committed 93592K, reserved 1130496K
  class space    used 12247K, capacity 13475K, committed 13488K, reserved 1048576K
GC Heap History (10 events):
Event: 19.985 GC heap before
{Heap before GC invocations=18 (full 3):
 PSYoungGen      total 160768K, used 143872K [0x00000000d5580000, 0x00000000e1e00000, 0x0000000100000000)
  eden space 143872K, 100% used [0x00000000d5580000,0x00000000de200000,0x00000000de200000)
  from space 16896K, 0% used [0x00000000df300000,0x00000000df300000,0x00000000e0380000)
  to   space 17408K, 0% used [0x00000000de200000,0x00000000de200000,0x00000000df300000)
 ParOldGen       total 117760K, used 34141K [0x0000000080000000, 0x0000000087300000, 0x00000000d5580000)
  object space 117760K, 28% used [0x0000000080000000,0x00000000821575c8,0x0000000087300000)
 Metaspace       used 63429K, capacity 66512K, committed 66712K, reserved 1105920K
  class space    used 8786K, capacity 9355K, committed 9392K, reserved 1048576K
Event: 20.000 GC heap after
Heap after GC invocations=18 (full 3):
 PSYoungGen      total 161280K, used 16806K [0x00000000d5580000, 0x00000000e2a00000, 0x0000000100000000)
  eden space 143872K, 0% used [0x00000000d5580000,0x00000000d5580000,0x00000000de200000)
  from space 17408K, 96% used [0x00000000de200000,0x00000000df2699c0,0x00000000df300000)
  to   space 19968K, 0% used [0x00000000e1680000,0x00000000e1680000,0x00000000e2a00000)
 ParOldGen       total 117760K, used 34149K [0x0000000080000000, 0x0000000087300000, 0x00000000d5580000)
  object space 117760K, 28% used [0x0000000080000000,0x00000000821595c8,0x0000000087300000)
 Metaspace       used 63429K, capacity 66512K, committed 66712K, reserved 1105920K
  class space    used 8786K, capacity 9355K, committed 9392K, reserved 1048576K
}
Event: 21.442 GC heap before
{Heap before GC invocations=19 (full 3):
 PSYoungGen      total 161280K, used 160678K [0x00000000d5580000, 0x00000000e2a00000, 0x0000000100000000)
  eden space 143872K, 100% used [0x00000000d5580000,0x00000000de200000,0x00000000de200000)
  from space 17408K, 96% used [0x00000000de200000,0x00000000df2699c0,0x00000000df300000)
  to   space 19968K, 0% used [0x00000000e1680000,0x00000000e1680000,0x00000000e2a00000)
 ParOldGen       total 117760K, used 34149K [0x0000000080000000, 0x0000000087300000, 0x00000000d5580000)
  object space 117760K, 28% used [0x0000000080000000,0x00000000821595c8,0x0000000087300000)
 Metaspace       used 65732K, capacity 69012K, committed 69144K, reserved 1107968K
  class space    used 9051K, capacity 9653K, committed 9776K, reserved 1048576K
Event: 21.462 GC heap after
Heap after GC invocations=19 (full 3):
 PSYoungGen      total 195584K, used 15302K [0x00000000d5580000, 0x00000000e2b00000, 0x0000000100000000)
  eden space 175616K, 0% used [0x00000000d5580000,0x00000000d5580000,0x00000000e0100000)
  from space 19968K, 76% used [0x00000000e1680000,0x00000000e2571bd0,0x00000000e2a00000)
  to   space 21504K, 0% used [0x00000000e0100000,0x00000000e0100000,0x00000000e1600000)
 ParOldGen       total 117760K, used 34157K [0x0000000080000000, 0x0000000087300000, 0x00000000d5580000)
  object space 117760K, 29% used [0x0000000080000000,0x000000008215b5c8,0x0000000087300000)
 Metaspace       used 65732K, capacity 69012K, committed 69144K, reserved 1107968K
  class space    used 9051K, capacity 9653K, committed 9776K, reserved 1048576K
}
Event: 24.789 GC heap before
{Heap before GC invocations=20 (full 3):
 PSYoungGen      total 195584K, used 190918K [0x00000000d5580000, 0x00000000e2b00000, 0x0000000100000000)
  eden space 175616K, 100% used [0x00000000d5580000,0x00000000e0100000,0x00000000e0100000)
  from space 19968K, 76% used [0x00000000e1680000,0x00000000e2571bd0,0x00000000e2a00000)
  to   space 21504K, 0% used [0x00000000e0100000,0x00000000e0100000,0x00000000e1600000)
 ParOldGen       total 117760K, used 34157K [0x0000000080000000, 0x0000000087300000, 0x00000000d5580000)
  object space 117760K, 29% used [0x0000000080000000,0x000000008215b5c8,0x0000000087300000)
 Metaspace       used 71776K, capacity 75340K, committed 75416K, reserved 1114112K
  class space    used 9779K, capacity 10408K, committed 10416K, reserved 1048576K
Event: 24.809 GC heap after
Heap after GC invocations=20 (full 3):
 PSYoungGen      total 197120K, used 21497K [0x00000000d5580000, 0x00000000e4a80000, 0x0000000100000000)
  eden space 175616K, 0% used [0x00000000d5580000,0x00000000d5580000,0x00000000e0100000)
  from space 21504K, 99% used [0x00000000e0100000,0x00000000e15fe530,0x00000000e1600000)
  to   space 26112K, 0% used [0x00000000e3100000,0x00000000e3100000,0x00000000e4a80000)
 ParOldGen       total 117760K, used 38186K [0x0000000080000000, 0x0000000087300000, 0x00000000d5580000)
  object space 117760K, 32% used [0x0000000080000000,0x000000008254a8a0,0x0000000087300000)
 Metaspace       used 71776K, capacity 75340K, committed 75416K, reserved 1114112K
  class space    used 9779K, capacity 10408K, committed 10416K, reserved 1048576K
}
Event: 25.830 GC heap before
{Heap before GC invocations=21 (full 3):
 PSYoungGen      total 197120K, used 197113K [0x00000000d5580000, 0x00000000e4a80000, 0x0000000100000000)
  eden space 175616K, 100% used [0x00000000d5580000,0x00000000e0100000,0x00000000e0100000)
  from space 21504K, 99% used [0x00000000e0100000,0x00000000e15fe530,0x00000000e1600000)
  to   space 26112K, 0% used [0x00000000e3100000,0x00000000e3100000,0x00000000e4a80000)
 ParOldGen       total 117760K, used 38186K [0x0000000080000000, 0x0000000087300000, 0x00000000d5580000)
  object space 117760K, 32% used [0x0000000080000000,0x000000008254a8a0,0x0000000087300000)
 Metaspace       used 76686K, capacity 80268K, committed 80408K, reserved 1118208K
  class space    used 10369K, capacity 11006K, committed 11056K, reserved 1048576K
Event: 26.006 GC heap after
Heap after GC invocations=21 (full 3):
 PSYoungGen      total 214528K, used 26099K [0x00000000d5580000, 0x00000000e7080000, 0x0000000100000000)
  eden space 188416K, 0% used [0x00000000d5580000,0x00000000d5580000,0x00000000e0d80000)
  from space 26112K, 99% used [0x00000000e3100000,0x00000000e4a7cfa8,0x00000000e4a80000)
  to   space 36352K, 0% used [0x00000000e0d80000,0x00000000e0d80000,0x00000000e3100000)
 ParOldGen       total 117760K, used 54381K [0x0000000080000000, 0x0000000087300000, 0x00000000d5580000)
  object space 117760K, 46% used [0x0000000080000000,0x000000008351b5f8,0x0000000087300000)
 Metaspace       used 76686K, capacity 80268K, committed 80408K, reserved 1118208K
  class space    used 10369K, capacity 11006K, committed 11056K, reserved 1048576K
}
Event: 28.636 GC heap before
{Heap before GC invocations=22 (full 3):
 PSYoungGen      total 214528K, used 214515K [0x00000000d5580000, 0x00000000e7080000, 0x0000000100000000)
  eden space 188416K, 100% used [0x00000000d5580000,0x00000000e0d80000,0x00000000e0d80000)
  from space 26112K, 99% used [0x00000000e3100000,0x00000000e4a7cfa8,0x00000000e4a80000)
  to   space 36352K, 0% used [0x00000000e0d80000,0x00000000e0d80000,0x00000000e3100000)
 ParOldGen       total 117760K, used 54381K [0x0000000080000000, 0x0000000087300000, 0x00000000d5580000)
  object space 117760K, 46% used [0x0000000080000000,0x000000008351b5f8,0x0000000087300000)
 Metaspace       used 87471K, capacity 93554K, committed 93592K, reserved 1130496K
  class space    used 12247K, capacity 13475K, committed 13488K, reserved 1048576K
Event: 28.821 GC heap after
Heap after GC invocations=22 (full 3):
 PSYoungGen      total 224768K, used 36324K [0x00000000d5580000, 0x00000000e7080000, 0x0000000100000000)
  eden space 188416K, 0% used [0x00000000d5580000,0x00000000d5580000,0x00000000e0d80000)
  from space 36352K, 99% used [0x00000000e0d80000,0x00000000e30f9218,0x00000000e3100000)
  to   space 26112K, 0% used [0x00000000e3100000,0x00000000e3100000,0x00000000e4a80000)
 ParOldGen       total 117760K, used 70825K [0x0000000080000000, 0x0000000087300000, 0x00000000d5580000)
  object space 117760K, 60% used [0x0000000080000000,0x000000008452a758,0x0000000087300000)
 Metaspace       used 87471K, capacity 93554K, committed 93592K, reserved 1130496K
  class space    used 12247K, capacity 13475K, committed 13488K, reserved 1048576K
}

